<?xml version="1.0" encoding="UTF-8" ?>
<testsuite tests="5" failures="0" name="jordan.szalontai.unicrush.LevelManagerTest" time="0.342" errors="0" skipped="0">
  <properties>
    <property name="java.runtime.name" value="Java(TM) SE Runtime Environment"/>
    <property name="sun.boot.library.path" value="/home/szalontaijordan/.sdkman/candidates/java/8u161-oracle/jre/lib/amd64"/>
    <property name="java.vm.version" value="25.161-b12"/>
    <property name="java.vm.vendor" value="Oracle Corporation"/>
    <property name="maven.multiModuleProjectDirectory" value="/home/szalontaijordan/winhome/NetBeansProjects/unicrush"/>
    <property name="java.vendor.url" value="http://java.oracle.com/"/>
    <property name="path.separator" value=":"/>
    <property name="guice.disable.misplaced.annotation.check" value="true"/>
    <property name="java.vm.name" value="Java HotSpot(TM) 64-Bit Server VM"/>
    <property name="file.encoding.pkg" value="sun.io"/>
    <property name="user.country" value="US"/>
    <property name="sun.java.launcher" value="SUN_STANDARD"/>
    <property name="sun.os.patch.level" value="unknown"/>
    <property name="java.vm.specification.name" value="Java Virtual Machine Specification"/>
    <property name="user.dir" value="/mnt/c/Users/VLAMI24/Desktop/winhome/NetBeansProjects/unicrush"/>
    <property name="java.runtime.version" value="1.8.0_161-b12"/>
    <property name="java.awt.graphicsenv" value="sun.awt.X11GraphicsEnvironment"/>
    <property name="java.endorsed.dirs" value="/home/szalontaijordan/.sdkman/candidates/java/8u161-oracle/jre/lib/endorsed"/>
    <property name="os.arch" value="amd64"/>
    <property name="java.io.tmpdir" value="/tmp"/>
    <property name="line.separator" value="
"/>
    <property name="java.vm.specification.vendor" value="Oracle Corporation"/>
    <property name="os.name" value="Linux"/>
    <property name="classworlds.conf" value="/home/szalontaijordan/.sdkman/candidates/maven/current/bin/m2.conf"/>
    <property name="sun.jnu.encoding" value="UTF-8"/>
    <property name="java.library.path" value="/usr/java/packages/lib/amd64:/usr/lib64:/lib64:/lib:/usr/lib"/>
    <property name="maven.conf" value="/home/szalontaijordan/.sdkman/candidates/maven/current/conf"/>
    <property name="java.specification.name" value="Java Platform API Specification"/>
    <property name="java.class.version" value="52.0"/>
    <property name="sun.management.compiler" value="HotSpot 64-Bit Tiered Compilers"/>
    <property name="os.version" value="4.4.0-43-Microsoft"/>
    <property name="library.jansi.path" value="/home/szalontaijordan/.sdkman/candidates/maven/current/lib/jansi-native"/>
    <property name="user.home" value="/home/szalontaijordan"/>
    <property name="user.timezone" value="GMT"/>
    <property name="java.awt.printerjob" value="sun.print.PSPrinterJob"/>
    <property name="java.specification.version" value="1.8"/>
    <property name="file.encoding" value="UTF-8"/>
    <property name="user.name" value="szalontaijordan"/>
    <property name="java.class.path" value="/home/szalontaijordan/.sdkman/candidates/maven/current/boot/plexus-classworlds-2.5.2.jar"/>
    <property name="java.vm.specification.version" value="1.8"/>
    <property name="sun.arch.data.model" value="64"/>
    <property name="java.home" value="/home/szalontaijordan/.sdkman/candidates/java/8u161-oracle/jre"/>
    <property name="sun.java.command" value="org.codehaus.plexus.classworlds.launcher.Launcher site"/>
    <property name="java.specification.vendor" value="Oracle Corporation"/>
    <property name="user.language" value="en"/>
    <property name="awt.toolkit" value="sun.awt.X11.XToolkit"/>
    <property name="java.vm.info" value="mixed mode"/>
    <property name="java.version" value="1.8.0_161"/>
    <property name="java.ext.dirs" value="/home/szalontaijordan/.sdkman/candidates/java/8u161-oracle/jre/lib/ext:/usr/java/packages/lib/ext"/>
    <property name="securerandom.source" value="file:/dev/./urandom"/>
    <property name="sun.boot.class.path" value="/home/szalontaijordan/.sdkman/candidates/java/8u161-oracle/jre/lib/resources.jar:/home/szalontaijordan/.sdkman/candidates/java/8u161-oracle/jre/lib/rt.jar:/home/szalontaijordan/.sdkman/candidates/java/8u161-oracle/jre/lib/sunrsasign.jar:/home/szalontaijordan/.sdkman/candidates/java/8u161-oracle/jre/lib/jsse.jar:/home/szalontaijordan/.sdkman/candidates/java/8u161-oracle/jre/lib/jce.jar:/home/szalontaijordan/.sdkman/candidates/java/8u161-oracle/jre/lib/charsets.jar:/home/szalontaijordan/.sdkman/candidates/java/8u161-oracle/jre/lib/jfr.jar:/home/szalontaijordan/.sdkman/candidates/java/8u161-oracle/jre/classes"/>
    <property name="java.vendor" value="Oracle Corporation"/>
    <property name="maven.home" value="/home/szalontaijordan/.sdkman/candidates/maven/current"/>
    <property name="file.separator" value="/"/>
    <property name="java.vendor.url.bug" value="http://bugreport.sun.com/bugreport/"/>
    <property name="sun.cpu.endian" value="little"/>
    <property name="sun.io.unicode.encoding" value="UnicodeLittle"/>
    <property name="sun.cpu.isalist" value=""/>
  </properties>
  <testcase classname="jordan.szalontai.unicrush.LevelManagerTest" name="testProcessLevelWithState" time="0.183"/>
  <testcase classname="jordan.szalontai.unicrush.LevelManagerTest" name="testProcessLevel" time="0.066"/>
  <testcase classname="jordan.szalontai.unicrush.LevelManagerTest" name="testApplyGravity" time="0.041"/>
  <testcase classname="jordan.szalontai.unicrush.LevelManagerTest" name="testPopAllMarked" time="0.018"/>
  <testcase classname="jordan.szalontai.unicrush.LevelManagerTest" name="testResetLevel" time="0.034"/>
</testsuite>